<?xml version="1.0" encoding="UTF-8"?>
<!-- Generated by org.testng.reporters.JUnitReportReporter -->
<testsuite hostname="LAPTOP-7BRPN938" failures="0" tests="1" name="com.registration.Registertest" time="10.283" errors="0" timestamp="2023-08-03T13:15:50 IST" skipped="0">
  <testcase classname="com.registration.Registertest" name="registrationTest" time="10.283"/>
</testsuite> <!-- com.registration.Registertest -->
