<?xml version="1.0" encoding="UTF-8"?>
<!-- Generated by org.testng.reporters.JUnitReportReporter -->
<testsuite hostname="LAPTOP-7BRPN938" failures="0" tests="1" name="com.login.login" time="8.091" errors="0" timestamp="2023-08-03T11:31:48 IST" skipped="0">
  <testcase classname="com.login.login" name="loginTest" time="8.091"/>
</testsuite> <!-- com.login.login -->
