<?xml version="1.0" encoding="UTF-8"?>
<!-- Generated by org.testng.reporters.JUnitReportReporter -->
<testsuite hostname="LAPTOP-7BRPN938" failures="0" tests="1" name="com.login.LoginTest" time="7.349" errors="0" timestamp="2023-08-03T13:15:50 IST" skipped="0">
  <testcase classname="com.login.LoginTest" name="loginTest" time="7.349"/>
</testsuite> <!-- com.login.LoginTest -->
