<?xml version="1.0" encoding="UTF-8"?>
<!-- Generated by org.testng.reporters.JUnitReportReporter -->
<testsuite hostname="LAPTOP-7BRPN938" failures="0" tests="1" name="com.login.AdminLogin" time="8.195" errors="0" timestamp="2023-08-03T13:15:50 IST" skipped="0">
  <testcase classname="com.login.AdminLogin" name="loginTest" time="8.195"/>
</testsuite> <!-- com.login.AdminLogin -->
